<?xml version="1.0" encoding="UTF-8"?>
<!-- Generated by org.testng.reporters.JUnitXMLReporter -->
<testsuite hostname="hp" name="Test" tests="4" failures="0" timestamp="6 Sep 2019 17:13:16 GMT" time="147.832" errors="0">
  <testcase name="testLogin" time="11.566" classname="dataProvider.DataProviderBasedonOrder"/>
  <testcase name="testLogin" time="4.083" classname="dataProvider.DataProviderBasedonOrder"/>
  <testcase name="testLogin" time="3.875" classname="dataProvider.DataProviderBasedonOrder"/>
  <testcase name="testLogin" time="1.335" classname="dataProvider.DataProviderBasedonOrder"/>
</testsuite> <!-- Test -->
